The system is: Windows - 10.0.19041 - AMD64
Compiling the C compiler identification source file "CMakeCCompilerId.c" succeeded.
Compiler: D:/Program Files (x86)/Microsoft Visual Studio/2019/BuildTools/VC/Tools/MSVC/14.28.29333/bin/Hostx86/x86/cl.exe 
Build flags: 
Id flags:  

The output was:
0
Microsoft (R) C/C++ Optimizing Compiler Version 19.28.29337 for x86
Copyright (C) Microsoft Corporation.  All rights reserved.

CMakeCCompilerId.c
Microsoft (R) Incremental Linker Version 14.28.29337.0
Copyright (C) Microsoft Corporation.  All rights reserved.

/out:CMakeCCompilerId.exe 
CMakeCCompilerId.obj 


Compilation of the C compiler identification source "CMakeCCompilerId.c" produced "CMakeCCompilerId.exe"

Compilation of the C compiler identification source "CMakeCCompilerId.c" produced "CMakeCCompilerId.obj"

The C compiler identification is MSVC, found in "C:/Users/AndreClerigo/Desktop/Maker/Pico/Projects/dht/build/elf2uf2/CMakeFiles/3.19.3/CompilerIdC/CMakeCCompilerId.exe"

Compiling the CXX compiler identification source file "CMakeCXXCompilerId.cpp" succeeded.
Compiler: D:/Program Files (x86)/Microsoft Visual Studio/2019/BuildTools/VC/Tools/MSVC/14.28.29333/bin/Hostx86/x86/cl.exe 
Build flags: 
Id flags:  

The output was:
0
Microsoft (R) C/C++ Optimizing Compiler Version 19.28.29337 for x86
Copyright (C) Microsoft Corporation.  All rights reserved.

CMakeCXXCompilerId.cpp
Microsoft (R) Incremental Linker Version 14.28.29337.0
Copyright (C) Microsoft Corporation.  All rights reserved.

/out:CMakeCXXCompilerId.exe 
CMakeCXXCompilerId.obj 


Compilation of the CXX compiler identification source "CMakeCXXCompilerId.cpp" produced "CMakeCXXCompilerId.exe"

Compilation of the CXX compiler identification source "CMakeCXXCompilerId.cpp" produced "CMakeCXXCompilerId.obj"

The CXX compiler identification is MSVC, found in "C:/Users/AndreClerigo/Desktop/Maker/Pico/Projects/dht/build/elf2uf2/CMakeFiles/3.19.3/CompilerIdCXX/CMakeCXXCompilerId.exe"

Detecting C compiler ABI info compiled with the following output:
Change Dir: C:/Users/AndreClerigo/Desktop/Maker/Pico/Projects/dht/build/elf2uf2/CMakeFiles/CMakeTmp

Run Build Command(s):nmake /nologo cmTC_da323\fast && 	"D:\Program Files (x86)\Microsoft Visual Studio\2019\BuildTools\VC\Tools\MSVC\14.28.29333\bin\HostX86\x86\nmake.exe"  -f CMakeFiles\cmTC_da323.dir\build.make /nologo -L                  CMakeFiles\cmTC_da323.dir\build
Building C object CMakeFiles/cmTC_da323.dir/CMakeCCompilerABI.c.obj
	"D:\Program Files (x86)\Microsoft Visual Studio\2019\BuildTools\VC\Tools\MSVC\14.28.29333\bin\Hostx86\x86\cl.exe" @C:\Users\ANDREC~1\AppData\Local\Temp\nmAE37.tmp
CMakeCCompilerABI.c
Linking C executable cmTC_da323.exe
	"C:\Program Files\CMake\bin\cmake.exe" -E vs_link_exe --intdir=CMakeFiles\cmTC_da323.dir --rc=C:\PROGRA~2\WI3CF2~1\10\bin\100183~1.0\x86\rc.exe --mt=C:\PROGRA~2\WI3CF2~1\10\bin\100183~1.0\x86\mt.exe --manifests -- "D:\Program Files (x86)\Microsoft Visual Studio\2019\BuildTools\VC\Tools\MSVC\14.28.29333\bin\Hostx86\x86\link.exe" /nologo @CMakeFiles\cmTC_da323.dir\objects1.rsp @C:\Users\ANDREC~1\AppData\Local\Temp\nmB05B.tmp



Detecting CXX compiler ABI info compiled with the following output:
Change Dir: C:/Users/AndreClerigo/Desktop/Maker/Pico/Projects/dht/build/elf2uf2/CMakeFiles/CMakeTmp

Run Build Command(s):nmake /nologo cmTC_01ad4\fast && 	"D:\Program Files (x86)\Microsoft Visual Studio\2019\BuildTools\VC\Tools\MSVC\14.28.29333\bin\HostX86\x86\nmake.exe"  -f CMakeFiles\cmTC_01ad4.dir\build.make /nologo -L                  CMakeFiles\cmTC_01ad4.dir\build
Building CXX object CMakeFiles/cmTC_01ad4.dir/CMakeCXXCompilerABI.cpp.obj
	"D:\Program Files (x86)\Microsoft Visual Studio\2019\BuildTools\VC\Tools\MSVC\14.28.29333\bin\Hostx86\x86\cl.exe" @C:\Users\ANDREC~1\AppData\Local\Temp\nmB4A0.tmp
CMakeCXXCompilerABI.cpp
Linking CXX executable cmTC_01ad4.exe
	"C:\Program Files\CMake\bin\cmake.exe" -E vs_link_exe --intdir=CMakeFiles\cmTC_01ad4.dir --rc=C:\PROGRA~2\WI3CF2~1\10\bin\100183~1.0\x86\rc.exe --mt=C:\PROGRA~2\WI3CF2~1\10\bin\100183~1.0\x86\mt.exe --manifests -- "D:\Program Files (x86)\Microsoft Visual Studio\2019\BuildTools\VC\Tools\MSVC\14.28.29333\bin\Hostx86\x86\link.exe" /nologo @CMakeFiles\cmTC_01ad4.dir\objects1.rsp @C:\Users\ANDREC~1\AppData\Local\Temp\nmB51E.tmp



